  Game.cpp
C:\Users\natap\Desktop\Profund Game\BUDDY_INVADE_V4\BUDDY_INVADE_V4\Game.cpp(17,33): warning C4309: 'argument': truncation of constant value
C:\Users\natap\Desktop\Profund Game\BUDDY_INVADE_V4\BUDDY_INVADE_V4\Game.cpp(18,33): warning C4309: 'argument': truncation of constant value
C:\Users\natap\Desktop\Profund Game\BUDDY_INVADE_V4\BUDDY_INVADE_V4\Game.cpp(19,33): warning C4309: 'argument': truncation of constant value
C:\Users\natap\Desktop\Profund Game\BUDDY_INVADE_V4\BUDDY_INVADE_V4\Game.cpp(20,33): warning C4309: 'argument': truncation of constant value
C:\Users\natap\Desktop\Profund Game\BUDDY_INVADE_V4\BUDDY_INVADE_V4\Game.cpp(21,33): warning C4309: 'argument': truncation of constant value
C:\Users\natap\Desktop\Profund Game\BUDDY_INVADE_V4\BUDDY_INVADE_V4\Game.cpp(22,33): warning C4309: 'argument': truncation of constant value
C:\Users\natap\Desktop\Profund Game\BUDDY_INVADE_V4\BUDDY_INVADE_V4\Game.cpp(64,34): warning C4309: 'argument': truncation of constant value
C:\Users\natap\Desktop\Profund Game\BUDDY_INVADE_V4\BUDDY_INVADE_V4\Game.cpp(69,34): warning C4309: 'argument': truncation of constant value
C:\Users\natap\Desktop\Profund Game\BUDDY_INVADE_V4\BUDDY_INVADE_V4\Game.cpp(74,34): warning C4309: 'argument': truncation of constant value
C:\Users\natap\Desktop\Profund Game\BUDDY_INVADE_V4\BUDDY_INVADE_V4\Game.cpp(79,34): warning C4309: 'argument': truncation of constant value
C:\Users\natap\Desktop\Profund Game\BUDDY_INVADE_V4\BUDDY_INVADE_V4\Game.cpp(84,34): warning C4309: 'argument': truncation of constant value
C:\Users\natap\Desktop\Profund Game\BUDDY_INVADE_V4\BUDDY_INVADE_V4\Game.cpp(89,34): warning C4309: 'argument': truncation of constant value
C:\Users\natap\Desktop\Profund Game\BUDDY_INVADE_V4\BUDDY_INVADE_V4\Game.cpp(229,22): warning C4018: '<': signed/unsigned mismatch
C:\Users\natap\Desktop\Profund Game\BUDDY_INVADE_V4\BUDDY_INVADE_V4\Game.cpp(284,21): warning C4018: '<': signed/unsigned mismatch
C:\Users\natap\Desktop\Profund Game\BUDDY_INVADE_V4\BUDDY_INVADE_V4\Game.cpp(295,21): warning C4018: '<': signed/unsigned mismatch
C:\Users\natap\Desktop\Profund Game\BUDDY_INVADE_V4\BUDDY_INVADE_V4\Game.cpp(310,20): warning C4018: '<': signed/unsigned mismatch
C:\Users\natap\Desktop\Profund Game\BUDDY_INVADE_V4\BUDDY_INVADE_V4\Game.cpp(316,20): warning C4018: '<': signed/unsigned mismatch
C:\Users\natap\Desktop\Profund Game\BUDDY_INVADE_V4\BUDDY_INVADE_V4\Game.cpp(328,15): warning C4244: 'initializing': conversion from 'double' to 'int', possible loss of data
C:\Users\natap\Desktop\Profund Game\BUDDY_INVADE_V4\BUDDY_INVADE_V4\Game.cpp(335,23): warning C4018: '<': signed/unsigned mismatch
C:\Users\natap\Desktop\Profund Game\BUDDY_INVADE_V4\BUDDY_INVADE_V4\Game.cpp(385,34): warning C4309: 'argument': truncation of constant value
C:\Users\natap\Desktop\Profund Game\BUDDY_INVADE_V4\BUDDY_INVADE_V4\Game.cpp(398,24): warning C4018: '<': signed/unsigned mismatch
C:\Users\natap\Desktop\Profund Game\BUDDY_INVADE_V4\BUDDY_INVADE_V4\Game.cpp(406,24): warning C4018: '<': signed/unsigned mismatch
C:\Users\natap\Desktop\Profund Game\BUDDY_INVADE_V4\BUDDY_INVADE_V4\Game.cpp(418,24): warning C4018: '<': signed/unsigned mismatch
C:\Users\natap\Desktop\Profund Game\BUDDY_INVADE_V4\BUDDY_INVADE_V4\Game.cpp(427,24): warning C4018: '<': signed/unsigned mismatch
C:\Users\natap\Desktop\Profund Game\BUDDY_INVADE_V4\BUDDY_INVADE_V4\Game.cpp(439,34): warning C4309: 'argument': truncation of constant value
C:\Users\natap\Desktop\Profund Game\BUDDY_INVADE_V4\BUDDY_INVADE_V4\Game.cpp(446,34): warning C4309: 'argument': truncation of constant value
C:\Users\natap\Desktop\Profund Game\BUDDY_INVADE_V4\BUDDY_INVADE_V4\Game.cpp(452,35): warning C4309: 'argument': truncation of constant value
C:\Users\natap\Desktop\Profund Game\BUDDY_INVADE_V4\BUDDY_INVADE_V4\Game.cpp(459,34): warning C4309: 'argument': truncation of constant value
C:\Users\natap\Desktop\Profund Game\BUDDY_INVADE_V4\BUDDY_INVADE_V4\Game.cpp(467,35): warning C4309: 'argument': truncation of constant value
C:\Users\natap\Desktop\Profund Game\BUDDY_INVADE_V4\BUDDY_INVADE_V4\Game.cpp(474,34): warning C4309: 'argument': truncation of constant value
C:\Users\natap\Desktop\Profund Game\BUDDY_INVADE_V4\BUDDY_INVADE_V4\Game.cpp(482,35): warning C4309: 'argument': truncation of constant value
C:\Users\natap\Desktop\Profund Game\BUDDY_INVADE_V4\BUDDY_INVADE_V4\Game.cpp(488,34): warning C4309: 'argument': truncation of constant value
C:\Users\natap\Desktop\Profund Game\BUDDY_INVADE_V4\BUDDY_INVADE_V4\Game.cpp(494,35): warning C4309: 'argument': truncation of constant value
C:\Users\natap\Desktop\Profund Game\BUDDY_INVADE_V4\BUDDY_INVADE_V4\Game.cpp(500,34): warning C4309: 'argument': truncation of constant value
C:\Users\natap\Desktop\Profund Game\BUDDY_INVADE_V4\BUDDY_INVADE_V4\Game.cpp(506,35): warning C4309: 'argument': truncation of constant value
  Source.cpp
  Generating Code...
  BUDDY_INVADE_V4.vcxproj -> C:\Users\natap\Desktop\Profund Game\BUDDY_INVADE_V4\Debug\BUDDY_INVADE_V4.exe
